#
# A fatal error has been detected by the Java Runtime Environment:
#
#  EXCEPTION_ACCESS_VIOLATION (0xc0000005) at pc=0x00007ffc690caa2f, pid=26148, tid=25648
#
# JRE version: OpenJDK Runtime Environment (11.0.10) (build 11.0.10+0-b96-7249189)
# Java VM: OpenJDK 64-Bit Server VM (11.0.10+0-b96-7249189, mixed mode, tiered, compressed oops, g1 gc, windows-amd64)
# Problematic frame:
# V  [jvm.dll+0x19aa2f]
#
# No core dump will be written. Minidumps are not enabled by default on client versions of Windows
#
# If you would like to submit a bug report, please visit:
#   https://bugreport.java.com/bugreport/crash.jsp
#

---------------  S U M M A R Y ------------

Command Line: --add-opens=java.base/java.util=ALL-UNNAMED --add-opens=java.base/java.lang=ALL-UNNAMED --add-opens=java.base/java.lang.invoke=ALL-UNNAMED --add-opens=java.base/java.util=ALL-UNNAMED --add-opens=java.prefs/java.util.prefs=ALL-UNNAMED --add-opens=java.prefs/java.util.prefs=ALL-UNNAMED --add-opens=java.base/java.nio.charset=ALL-UNNAMED --add-opens=java.base/java.net=ALL-UNNAMED --add-opens=java.base/java.util.concurrent.atomic=ALL-UNNAMED -Xmx2048m -Dfile.encoding=UTF-8 -Duser.country=CO -Duser.language=es -Duser.variant org.gradle.launcher.daemon.bootstrap.GradleDaemon 7.0.2

Host: Intel(R) Core(TM) i5-8300H CPU @ 2.30GHz, 8 cores, 15G,  Windows 10 , 64 bit Build 19041 (10.0.19041.1202)
Time: Sun Nov 14 10:51:22 2021 Hora est. Pacífico, Sudamérica elapsed time: 16.042746 seconds (0d 0h 0m 16s)

---------------  T H R E A D  ---------------

Current thread (0x000001442f938800):  JavaThread "C2 CompilerThread0" daemon [_thread_in_native, id=25648, stack(0x000000187c500000,0x000000187c600000)]


Current CompileTask:
C2:  16042 2164       4       java.lang.reflect.ProxyGenerator$ConstantPool::getValue (87 bytes)

Stack: [0x000000187c500000,0x000000187c600000],  sp=0x000000187c5fbd40,  free space=1007k
Native frames: (J=compiled Java code, j=interpreted, Vv=VM code, C=native code)
V  [jvm.dll+0x19aa2f]
V  [jvm.dll+0x197a7a]
V  [jvm.dll+0x1fb70e]
V  [jvm.dll+0x1fa7f4]
V  [jvm.dll+0x18354c]
V  [jvm.dll+0x208ee7]
V  [jvm.dll+0x207731]
V  [jvm.dll+0x6eb1cf]
V  [jvm.dll+0x6e3d45]
V  [jvm.dll+0x5ebe96]
C  [ucrtbase.dll+0x21bb2]
C  [KERNEL32.DLL+0x17034]
C  [ntdll.dll+0x52651]


siginfo: EXCEPTION_ACCESS_VIOLATION (0xc0000005), reading address 0x0000014439d30310


Register to memory mapping:

RIP=0x00007ffc690caa2f jvm.dll
RAX=0x0000014432575970 points into unknown readable memory: 0x0000000000000000 | 00 00 00 00 00 00 00 00
RBX=0x0 is NULL
RCX=0x0000014439d302e8 is an unknown value
RDX=0x0 is NULL
RSP=0x000000187c5fbd40 is pointing into the stack for thread: 0x000001442f938800
RBP=0xffffffffffffffff is an unknown value
RSI=0x000000187c5fc240 is pointing into the stack for thread: 0x000001442f938800
RDI=0x0000000000000003 is an unknown value
R8 =
[error occurred during error reporting (printing register info), id 0xc0000005, EXCEPTION_ACCESS_VIOLATION (0xc0000005) at pc=0x00007ffc69209dc7]

Registers:
RAX=0x0000014432575970, RBX=0x0000000000000000, RCX=0x0000014439d302e8, RDX=0x0000000000000000
RSP=0x000000187c5fbd40, RBP=0xffffffffffffffff, RSI=0x000000187c5fc240, RDI=0x0000000000000003
R8 =0x00000000ffffffff, R9 =0x0000000000000000, R10=0x00000144325b2780, R11=0x000000000000021d
R12=0x0000000000000001, R13=0x0000000000000008, R14=0x0000014431d30270, R15=0x00000144304f3550
RIP=0x00007ffc690caa2f, EFLAGS=0x0000000000010293

Top of Stack: (sp=0x000000187c5fbd40)
0x000000187c5fbd40:   0000014432220050 00000000000003e7
0x000000187c5fbd50:   0000014432883bd8 ffffffffffffffff
0x000000187c5fbd60:   0000016e00000001 0000001800000003
0x000000187c5fbd70:   00000144304f3550 00007ffc69546556
0x000000187c5fbd80:   0000000000000000 0000000000000000
0x000000187c5fbd90:   000000187c5fbea0 0000014430b33dc0
0x000000187c5fbda0:   0000014430b33dd0 0000000000000008
0x000000187c5fbdb0:   00000000000003d8 000000187c5fbee0
0x000000187c5fbdc0:   0000014430b341a8 000000187c5fc328
0x000000187c5fbdd0:   000000187c5fc240 00007ffc690c7a7a
0x000000187c5fbde0:   000000187c5fc240 000000187c5fbe00
0x000000187c5fbdf0:   000000187c5fc300 00000144ffffffff
0x000000187c5fbe00:   000000187c5fbf00 000000000000001e
0x000000187c5fbe10:   00007ffc00000006 0000014430b33dc0
0x000000187c5fbe20:   0000014432204980 00000144322223f0
0x000000187c5fbe30:   00000144322223f0 000000000003b898 

Instructions: (pc=0x00007ffc690caa2f)
0x00007ffc690ca92f:   79 c7 83 94 00 00 00 02 00 01 00 4c 8b f8 eb 6a
0x00007ffc690ca93f:   c7 83 94 00 00 00 04 00 01 00 4c 8b f8 eb 5b c7
0x00007ffc690ca94f:   83 94 00 00 00 08 00 01 00 4c 8b f8 eb 4c c7 83
0x00007ffc690ca95f:   94 00 00 00 10 00 01 00 4c 8b f8 eb 3d 48 8b cd
0x00007ffc690ca96f:   e8 0c 84 4a 00 81 8b 98 00 00 00 20 01 00 00 66
0x00007ffc690ca97f:   89 83 94 00 00 00 66 89 83 96 00 00 00 eb 16 ba
0x00007ffc690ca98f:   b6 03 00 00 48 8d 0d be 20 66 00 e8 21 7e 0a 00
0x00007ffc690ca99f:   e8 7c ae 44 00 4c 8b 7c 24 30 48 8b b4 24 a0 00
0x00007ffc690ca9af:   00 00 0f b6 9c 24 a8 00 00 00 41 83 c8 ff 41 8b
0x00007ffc690ca9bf:   7e 18 89 7c 24 28 44 89 84 24 b8 00 00 00 84 db
0x00007ffc690ca9cf:   74 2f 49 8b 06 49 8b ce ff 90 b0 00 00 00 89 84
0x00007ffc690ca9df:   24 b8 00 00 00 44 8b c0 83 f8 ff 74 14 8b d0 49
0x00007ffc690ca9ef:   8b ce e8 ea f7 37 00 44 8b c0 89 84 24 b8 00 00
0x00007ffc690ca9ff:   00 44 3b e7 0f 83 8a 02 00 00 41 8b c4 4c 8d 2c
0x00007ffc690caa0f:   c5 00 00 00 00 0f 1f 40 00 0f 1f 84 00 00 00 00
0x00007ffc690caa1f:   00 49 8b 46 08 4a 8b 0c 28 48 8b 86 28 01 00 00
0x00007ffc690caa2f:   48 63 51 28 8b 3c 90 85 ff 0f 84 35 02 00 00 84
0x00007ffc690caa3f:   db 74 11 45 3b c4 75 0c 49 8b 06 49 8b ce ff 90
0x00007ffc690caa4f:   d8 00 00 00 80 bc 24 b0 00 00 00 00 74 13 80 be
0x00007ffc690caa5f:   30 01 00 00 00 74 0a 45 3b 66 38 0f 83 03 02 00
0x00007ffc690caa6f:   00 48 8b 46 70 48 8d 1c bf 48 c1 e3 05 41 8b d4
0x00007ffc690caa7f:   49 8b ce 48 03 58 20 49 8b 06 ff 90 80 00 00 00
0x00007ffc690caa8f:   0f b6 94 24 a8 00 00 00 48 8b e8 84 d2 75 30 49
0x00007ffc690caa9f:   8b 4e 08 f2 41 0f 10 4f 08 f2 0f 59 ce 4a 8b 14
0x00007ffc690caaaf:   29 48 8b 4e 48 8b 7a 28 48 8b 51 78 48 8b 0c fa
0x00007ffc690caabf:   f2 0f 10 41 08 66 0f 2f c1 0f 87 91 00 00 00 48
0x00007ffc690caacf:   8d 53 38 45 33 c0 48 83 c0 54 48 8d 4a 54 48 3b
0x00007ffc690caadf:   d0 77 05 48 3b cd 73 4b bf 02 00 00 00 48 8d 42
0x00007ffc690caaef:   10 48 8b cd 48 2b ca 44 8d 47 0e 66 0f 1f 44 00
0x00007ffc690caaff:   00 f3 0f 6f 40 f0 f3 0f 6f 4c 01 f0 48 8d 40 20
0x00007ffc690cab0f:   66 0f db c8 f3 0f 7f 48 d0 f3 0f 6f 54 01 e0 f3
0x00007ffc690cab1f:   0f 6f 40 e0 66 0f db d0 f3 0f 7f 50 e0 48 83 ef 


Stack slot to memory mapping:
stack at sp + 0 slots: 0x0000014432220050 points into unknown readable memory: 0x0000000000000000 | 00 00 00 00 00 00 00 00
stack at sp + 1 slots: 0x00000000000003e7 is an unknown value
stack at sp + 2 slots: 0x0000014432883bd8 points into unknown readable memory: 0x0000000000400000 | 00 00 40 00 00 00 00 00
stack at sp + 3 slots: 0xffffffffffffffff is an unknown value
stack at sp + 4 slots: 0x0000016e00000001 is an unknown value
stack at sp + 5 slots: 0x0000001800000003 is an unknown value
stack at sp + 6 slots: 0x00000144304f3550 points into unknown readable memory: 0x00007ffc69718568 | 68 85 71 69 fc 7f 00 00
stack at sp + 7 slots: 0x00007ffc69546556 jvm.dll


---------------  P R O C E S S  ---------------

Threads class SMR info:
_java_thread_list=0x00000144313b9c00, length=31, elements={
0x0000014412bfa000, 0x000001442f8cb800, 0x000001442f8d6800, 0x000001442f930800,
0x000001442f932000, 0x000001442f935000, 0x000001442f938800, 0x000001442f941800,
0x000001442f950800, 0x000001442faa8800, 0x0000014432833000, 0x0000014430b6f800,
0x000001443122d800, 0x0000014431f5e000, 0x0000014432513000, 0x0000014432c77800,
0x0000014432c78800, 0x00000144327d8000, 0x0000014432191800, 0x00000144326a2800,
0x00000144327cf800, 0x00000144327d1800, 0x00000144327cc800, 0x00000144327cd000,
0x00000144327d0800, 0x00000144327cf000, 0x00000144327cb800, 0x00000144327d2000,
0x00000144327ce000, 0x0000014432ba4800, 0x0000014433705800
}

Java Threads: ( => current thread )
  0x0000014412bfa000 JavaThread "main" [_thread_blocked, id=21900, stack(0x000000187b900000,0x000000187ba00000)]
  0x000001442f8cb800 JavaThread "Reference Handler" daemon [_thread_blocked, id=8932, stack(0x000000187c000000,0x000000187c100000)]
  0x000001442f8d6800 JavaThread "Finalizer" daemon [_thread_blocked, id=25352, stack(0x000000187c100000,0x000000187c200000)]
  0x000001442f930800 JavaThread "Signal Dispatcher" daemon [_thread_blocked, id=11180, stack(0x000000187c200000,0x000000187c300000)]
  0x000001442f932000 JavaThread "Attach Listener" daemon [_thread_blocked, id=19672, stack(0x000000187c300000,0x000000187c400000)]
  0x000001442f935000 JavaThread "Service Thread" daemon [_thread_blocked, id=8212, stack(0x000000187c400000,0x000000187c500000)]
=>0x000001442f938800 JavaThread "C2 CompilerThread0" daemon [_thread_in_native, id=25648, stack(0x000000187c500000,0x000000187c600000)]
  0x000001442f941800 JavaThread "C1 CompilerThread0" daemon [_thread_in_native, id=15128, stack(0x000000187c600000,0x000000187c700000)]
  0x000001442f950800 JavaThread "Sweeper thread" daemon [_thread_blocked, id=25652, stack(0x000000187c700000,0x000000187c800000)]
  0x000001442faa8800 JavaThread "Common-Cleaner" daemon [_thread_blocked, id=8124, stack(0x000000187c800000,0x000000187c900000)]
  0x0000014432833000 JavaThread "Daemon health stats" [_thread_blocked, id=23636, stack(0x000000187d000000,0x000000187d100000)]
  0x0000014430b6f800 JavaThread "Incoming local TCP Connector on port 49377" [_thread_in_native, id=1148, stack(0x000000187ca00000,0x000000187cb00000)]
  0x000001443122d800 JavaThread "Daemon periodic checks" [_thread_blocked, id=22352, stack(0x000000187d100000,0x000000187d200000)]
  0x0000014431f5e000 JavaThread "Daemon" [_thread_blocked, id=34584, stack(0x000000187d200000,0x000000187d300000)]
  0x0000014432513000 JavaThread "Handler for socket connection from /127.0.0.1:49377 to /127.0.0.1:49381" [_thread_in_native, id=17580, stack(0x000000187d300000,0x000000187d400000)]
  0x0000014432c77800 JavaThread "Cancel handler" [_thread_blocked, id=18552, stack(0x000000187d400000,0x000000187d500000)]
  0x0000014432c78800 JavaThread "Daemon worker" [_thread_in_vm, id=30296, stack(0x000000187d500000,0x000000187d600000)]
  0x00000144327d8000 JavaThread "C2 CompilerThread1" daemon [_thread_in_native, id=29568, stack(0x000000187d600000,0x000000187d700000)]
  0x0000014432191800 JavaThread "Asynchronous log dispatcher for DefaultDaemonConnection: socket connection from /127.0.0.1:49377 to /127.0.0.1:49381" [_thread_blocked, id=2400, stack(0x000000187d700000,0x000000187d800000)]
  0x00000144326a2800 JavaThread "Stdin handler" [_thread_blocked, id=22880, stack(0x000000187d800000,0x000000187d900000)]
  0x00000144327cf800 JavaThread "Daemon client event forwarder" [_thread_blocked, id=5640, stack(0x000000187d900000,0x000000187da00000)]
  0x00000144327d1800 JavaThread "Cache worker for file hash cache (C:\Users\User\.gradle\caches\7.0.2\fileHashes)" [_thread_blocked, id=5504, stack(0x000000187da00000,0x000000187db00000)]
  0x00000144327cc800 JavaThread "File lock request listener" [_thread_in_native, id=7208, stack(0x000000187db00000,0x000000187dc00000)]
  0x00000144327cd000 JavaThread "Cache worker for journal cache (C:\Users\User\.gradle\caches\journal-1)" [_thread_blocked, id=528, stack(0x000000187df00000,0x000000187e000000)]
  0x00000144327d0800 JavaThread "Cache worker for file hash cache (D:\AndroidStudioProjects\MakeupMarket\.gradle\7.0.2\fileHashes)" [_thread_blocked, id=12136, stack(0x000000187e000000,0x000000187e100000)]
  0x00000144327cf000 JavaThread "File watcher server" daemon [_thread_in_native, id=4180, stack(0x000000187e100000,0x000000187e200000)]
  0x00000144327cb800 JavaThread "File watcher consumer" daemon [_thread_blocked, id=25532, stack(0x000000187e200000,0x000000187e300000)]
  0x00000144327d2000 JavaThread "Cache worker for checksums cache (D:\AndroidStudioProjects\MakeupMarket\.gradle\checksums)" [_thread_blocked, id=236, stack(0x000000187e300000,0x000000187e400000)]
  0x00000144327ce000 JavaThread "Cache worker for cache directory md-supplier (C:\Users\User\.gradle\caches\7.0.2\md-supplier)" [_thread_blocked, id=16088, stack(0x000000187e400000,0x000000187e500000)]
  0x0000014432ba4800 JavaThread "C2 CompilerThread2" daemon [_thread_in_native, id=6256, stack(0x000000187e500000,0x000000187e600000)]
  0x0000014433705800 JavaThread "Cache worker for cache directory md-rule (C:\Users\User\.gradle\caches\7.0.2\md-rule)" [_thread_blocked, id=1036, stack(0x000000187e600000,0x000000187e700000)]

Other Threads:
  0x000001442f08f800 VMThread "VM Thread" [stack: 0x000000187bf00000,0x000000187c000000] [id=12316]
  0x000001442fad2800 WatcherThread [stack: 0x000000187c900000,0x000000187ca00000] [id=10368]
  0x0000014412c12000 GCTaskThread "GC Thread#0" [stack: 0x000000187ba00000,0x000000187bb00000] [id=26440]
  0x000001443066d000 GCTaskThread "GC Thread#1" [stack: 0x000000187cb00000,0x000000187cc00000] [id=15320]
  0x000001443089d000 GCTaskThread "GC Thread#2" [stack: 0x000000187cc00000,0x000000187cd00000] [id=33760]
  0x00000144308a4000 GCTaskThread "GC Thread#3" [stack: 0x000000187cd00000,0x000000187ce00000] [id=31204]
  0x00000144308a0800 GCTaskThread "GC Thread#4" [stack: 0x000000187ce00000,0x000000187cf00000] [id=10208]
  0x00000144308a3800 GCTaskThread "GC Thread#5" [stack: 0x000000187cf00000,0x000000187d000000] [id=12924]
  0x00000144308a2800 GCTaskThread "GC Thread#6" [stack: 0x000000187dc00000,0x000000187dd00000] [id=6204]
  0x000001443089e800 GCTaskThread "GC Thread#7" [stack: 0x000000187dd00000,0x000000187de00000] [id=12140]
  0x0000014412c46000 ConcurrentGCThread "G1 Main Marker" [stack: 0x000000187bb00000,0x000000187bc00000] [id=29900]
  0x0000014412c47000 ConcurrentGCThread "G1 Conc#0" [stack: 0x000000187bc00000,0x000000187bd00000] [id=5980]
  0x00000144308a2000 ConcurrentGCThread "G1 Conc#1" [stack: 0x000000187de00000,0x000000187df00000] [id=33944]
  0x000001442ef16800 ConcurrentGCThread "G1 Refine#0" [stack: 0x000000187bd00000,0x000000187be00000] [id=30160]
  0x000001442ef17800 ConcurrentGCThread "G1 Young RemSet Sampling" [stack: 0x000000187be00000,0x000000187bf00000] [id=5064]

Threads with active compile tasks:
C2 CompilerThread0  16209 2164       4       java.lang.reflect.ProxyGenerator$ConstantPool::getValue (87 bytes)
C2 CompilerThread1  16209 2185       4       java.net.URLClassLoader$1::run (5 bytes)
C2 CompilerThread2  16209 2186   !   4       java.net.URLClassLoader$1::run (63 bytes)

VM state:not at safepoint (normal execution)

VM Mutex/Monitor currently owned by a thread: None

Heap address: 0x0000000080000000, size: 2048 MB, Compressed Oops mode: 32-bit
Narrow klass base: 0x0000000000000000, Narrow klass shift: 3
Compressed class space size: 1073741824 Address: 0x0000000100000000

Heap:
 garbage-first heap   total 262144K, used 32617K [0x0000000080000000, 0x0000000100000000)
  region size 1024K, 17 young (17408K), 3 survivors (3072K)
 Metaspace       used 27887K, capacity 28564K, committed 28800K, reserved 1075200K
  class space    used 3699K, capacity 3932K, committed 3968K, reserved 1048576K
Heap Regions: E=young(eden), S=young(survivor), O=old, HS=humongous(starts), HC=humongous(continues), CS=collection set, F=free, A=archive, TAMS=top-at-mark-start (previous, next)
|   0|0x0000000080000000, 0x0000000080100000, 0x0000000080100000|100%| O|  |TAMS 0x0000000080000000, 0x0000000080000000| Untracked 
|   1|0x0000000080100000, 0x0000000080200000, 0x0000000080200000|100%| O|  |TAMS 0x0000000080100000, 0x0000000080100000| Untracked 
|   2|0x0000000080200000, 0x0000000080300000, 0x0000000080300000|100%| O|  |TAMS 0x0000000080200000, 0x0000000080200000| Untracked 
|   3|0x0000000080300000, 0x0000000080400000, 0x0000000080400000|100%|HS|  |TAMS 0x0000000080400000, 0x0000000080300000| Complete 
|   4|0x0000000080400000, 0x0000000080500000, 0x0000000080500000|100%|HC|  |TAMS 0x0000000080500000, 0x0000000080400000| Complete 
|   5|0x0000000080500000, 0x0000000080600000, 0x0000000080600000|100%|HC|  |TAMS 0x0000000080600000, 0x0000000080500000| Complete 
|   6|0x0000000080600000, 0x0000000080700000, 0x0000000080700000|100%| O|  |TAMS 0x0000000080700000, 0x0000000080600000| Untracked 
|   7|0x0000000080700000, 0x0000000080800000, 0x0000000080800000|100%| O|  |TAMS 0x0000000080800000, 0x0000000080700000| Untracked 
|   8|0x0000000080800000, 0x0000000080900000, 0x0000000080900000|100%| O|  |TAMS 0x0000000080900000, 0x0000000080800000| Untracked 
|   9|0x0000000080900000, 0x0000000080a00000, 0x0000000080a00000|100%| O|  |TAMS 0x0000000080965200, 0x0000000080900000| Untracked 
|  10|0x0000000080a00000, 0x0000000080b00000, 0x0000000080b00000|100%| O|  |TAMS 0x0000000080a00000, 0x0000000080a00000| Untracked 
|  11|0x0000000080b00000, 0x0000000080c00000, 0x0000000080c00000|100%| O|  |TAMS 0x0000000080b00000, 0x0000000080b00000| Untracked 
|  12|0x0000000080c00000, 0x0000000080d00000, 0x0000000080d00000|100%| O|  |TAMS 0x0000000080c00000, 0x0000000080c00000| Untracked 
|  13|0x0000000080d00000, 0x0000000080e00000, 0x0000000080e00000|100%| O|  |TAMS 0x0000000080d00000, 0x0000000080d00000| Untracked 
|  14|0x0000000080e00000, 0x0000000080f00000, 0x0000000080f00000|100%| O|  |TAMS 0x0000000080e00000, 0x0000000080e00000| Untracked 
|  15|0x0000000080f00000, 0x0000000081000000, 0x0000000081000000|100%| O|  |TAMS 0x0000000080f00000, 0x0000000080f00000| Untracked 
|  16|0x0000000081000000, 0x0000000081056a00, 0x0000000081100000| 33%| O|  |TAMS 0x0000000081000000, 0x0000000081000000| Untracked 
|  17|0x0000000081100000, 0x0000000081100000, 0x0000000081200000|  0%| F|  |TAMS 0x0000000081100000, 0x0000000081100000| Untracked 
|  18|0x0000000081200000, 0x0000000081200000, 0x0000000081300000|  0%| F|  |TAMS 0x0000000081200000, 0x0000000081200000| Untracked 
|  19|0x0000000081300000, 0x0000000081300000, 0x0000000081400000|  0%| F|  |TAMS 0x0000000081300000, 0x0000000081300000| Untracked 
|  20|0x0000000081400000, 0x0000000081400000, 0x0000000081500000|  0%| F|  |TAMS 0x0000000081400000, 0x0000000081400000| Untracked 
|  21|0x0000000081500000, 0x0000000081500000, 0x0000000081600000|  0%| F|  |TAMS 0x0000000081500000, 0x0000000081500000| Untracked 
|  22|0x0000000081600000, 0x0000000081600000, 0x0000000081700000|  0%| F|  |TAMS 0x0000000081600000, 0x0000000081600000| Untracked 
|  23|0x0000000081700000, 0x0000000081700000, 0x0000000081800000|  0%| F|  |TAMS 0x0000000081700000, 0x0000000081700000| Untracked 
|  24|0x0000000081800000, 0x0000000081800000, 0x0000000081900000|  0%| F|  |TAMS 0x0000000081800000, 0x0000000081800000| Untracked 
|  25|0x0000000081900000, 0x0000000081900000, 0x0000000081a00000|  0%| F|  |TAMS 0x0000000081900000, 0x0000000081900000| Untracked 
|  26|0x0000000081a00000, 0x0000000081a00000, 0x0000000081b00000|  0%| F|  |TAMS 0x0000000081a00000, 0x0000000081a00000| Untracked 
|  27|0x0000000081b00000, 0x0000000081b00000, 0x0000000081c00000|  0%| F|  |TAMS 0x0000000081b00000, 0x0000000081b00000| Untracked 
|  28|0x0000000081c00000, 0x0000000081c00000, 0x0000000081d00000|  0%| F|  |TAMS 0x0000000081c00000, 0x0000000081c00000| Untracked 
|  29|0x0000000081d00000, 0x0000000081d00000, 0x0000000081e00000|  0%| F|  |TAMS 0x0000000081d00000, 0x0000000081d00000| Untracked 
|  30|0x0000000081e00000, 0x0000000081e00000, 0x0000000081f00000|  0%| F|  |TAMS 0x0000000081e00000, 0x0000000081e00000| Untracked 
|  31|0x0000000081f00000, 0x0000000081f00000, 0x0000000082000000|  0%| F|  |TAMS 0x0000000081f00000, 0x0000000081f00000| Untracked 
|  32|0x0000000082000000, 0x0000000082000000, 0x0000000082100000|  0%| F|  |TAMS 0x0000000082000000, 0x0000000082000000| Untracked 
|  33|0x0000000082100000, 0x0000000082100000, 0x0000000082200000|  0%| F|  |TAMS 0x0000000082100000, 0x0000000082100000| Untracked 
|  34|0x0000000082200000, 0x0000000082200000, 0x0000000082300000|  0%| F|  |TAMS 0x0000000082200000, 0x0000000082200000| Untracked 
|  35|0x0000000082300000, 0x0000000082300000, 0x0000000082400000|  0%| F|  |TAMS 0x0000000082300000, 0x0000000082300000| Untracked 
|  36|0x0000000082400000, 0x0000000082400000, 0x0000000082500000|  0%| F|  |TAMS 0x0000000082400000, 0x0000000082400000| Untracked 
|  37|0x0000000082500000, 0x0000000082500000, 0x0000000082600000|  0%| F|  |TAMS 0x0000000082500000, 0x0000000082500000| Untracked 
|  38|0x0000000082600000, 0x0000000082600000, 0x0000000082700000|  0%| F|  |TAMS 0x0000000082600000, 0x0000000082600000| Untracked 
|  39|0x0000000082700000, 0x0000000082700000, 0x0000000082800000|  0%| F|  |TAMS 0x0000000082700000, 0x0000000082700000| Untracked 
|  40|0x0000000082800000, 0x0000000082800000, 0x0000000082900000|  0%| F|  |TAMS 0x0000000082800000, 0x0000000082800000| Untracked 
|  41|0x0000000082900000, 0x0000000082900000, 0x0000000082a00000|  0%| F|  |TAMS 0x0000000082900000, 0x0000000082900000| Untracked 
|  42|0x0000000082a00000, 0x0000000082a00000, 0x0000000082b00000|  0%| F|  |TAMS 0x0000000082a00000, 0x0000000082a00000| Untracked 
|  43|0x0000000082b00000, 0x0000000082b00000, 0x0000000082c00000|  0%| F|  |TAMS 0x0000000082b00000, 0x0000000082b00000| Untracked 
|  44|0x0000000082c00000, 0x0000000082c00000, 0x0000000082d00000|  0%| F|  |TAMS 0x0000000082c00000, 0x0000000082c00000| Untracked 
|  45|0x0000000082d00000, 0x0000000082d00000, 0x0000000082e00000|  0%| F|  |TAMS 0x0000000082d00000, 0x0000000082d00000| Untracked 
|  46|0x0000000082e00000, 0x0000000082e00000, 0x0000000082f00000|  0%| F|  |TAMS 0x0000000082e00000, 0x0000000082e00000| Untracked 
|  47|0x0000000082f00000, 0x0000000082f00000, 0x0000000083000000|  0%| F|  |TAMS 0x0000000082f00000, 0x0000000082f00000| Untracked 
|  48|0x0000000083000000, 0x0000000083000000, 0x0000000083100000|  0%| F|  |TAMS 0x0000000083000000, 0x0000000083000000| Untracked 
|  49|0x0000000083100000, 0x0000000083100000, 0x0000000083200000|  0%| F|  |TAMS 0x0000000083100000, 0x0000000083100000| Untracked 
|  50|0x0000000083200000, 0x0000000083200000, 0x0000000083300000|  0%| F|  |TAMS 0x0000000083200000, 0x0000000083200000| Untracked 
|  51|0x0000000083300000, 0x0000000083300000, 0x0000000083400000|  0%| F|  |TAMS 0x0000000083300000, 0x0000000083300000| Untracked 
|  52|0x0000000083400000, 0x0000000083400000, 0x0000000083500000|  0%| F|  |TAMS 0x0000000083400000, 0x0000000083400000| Untracked 
|  53|0x0000000083500000, 0x0000000083500000, 0x0000000083600000|  0%| F|  |TAMS 0x0000000083500000, 0x0000000083500000| Untracked 
|  54|0x0000000083600000, 0x0000000083600000, 0x0000000083700000|  0%| F|  |TAMS 0x0000000083600000, 0x0000000083600000| Untracked 
|  55|0x0000000083700000, 0x0000000083700000, 0x0000000083800000|  0%| F|  |TAMS 0x0000000083700000, 0x0000000083700000| Untracked 
|  56|0x0000000083800000, 0x0000000083800000, 0x0000000083900000|  0%| F|  |TAMS 0x0000000083800000, 0x0000000083800000| Untracked 
|  57|0x0000000083900000, 0x0000000083900000, 0x0000000083a00000|  0%| F|  |TAMS 0x0000000083900000, 0x0000000083900000| Untracked 
|  58|0x0000000083a00000, 0x0000000083a00000, 0x0000000083b00000|  0%| F|  |TAMS 0x0000000083a00000, 0x0000000083a00000| Untracked 
|  59|0x0000000083b00000, 0x0000000083b00000, 0x0000000083c00000|  0%| F|  |TAMS 0x0000000083b00000, 0x0000000083b00000| Untracked 
|  60|0x0000000083c00000, 0x0000000083c00000, 0x0000000083d00000|  0%| F|  |TAMS 0x0000000083c00000, 0x0000000083c00000| Untracked 
|  61|0x0000000083d00000, 0x0000000083d00000, 0x0000000083e00000|  0%| F|  |TAMS 0x0000000083d00000, 0x0000000083d00000| Untracked 
|  62|0x0000000083e00000, 0x0000000083e00000, 0x0000000083f00000|  0%| F|  |TAMS 0x0000000083e00000, 0x0000000083e00000| Untracked 
|  63|0x0000000083f00000, 0x0000000083f00000, 0x0000000084000000|  0%| F|  |TAMS 0x0000000083f00000, 0x0000000083f00000| Untracked 
|  64|0x0000000084000000, 0x0000000084000000, 0x0000000084100000|  0%| F|  |TAMS 0x0000000084000000, 0x0000000084000000| Untracked 
|  65|0x0000000084100000, 0x0000000084100000, 0x0000000084200000|  0%| F|  |TAMS 0x0000000084100000, 0x0000000084100000| Untracked 
|  66|0x0000000084200000, 0x0000000084200000, 0x0000000084300000|  0%| F|  |TAMS 0x0000000084200000, 0x0000000084200000| Untracked 
|  67|0x0000000084300000, 0x0000000084300000, 0x0000000084400000|  0%| F|  |TAMS 0x0000000084300000, 0x0000000084300000| Untracked 
|  68|0x0000000084400000, 0x0000000084400000, 0x0000000084500000|  0%| F|  |TAMS 0x0000000084400000, 0x0000000084400000| Untracked 
|  69|0x0000000084500000, 0x0000000084500000, 0x0000000084600000|  0%| F|  |TAMS 0x0000000084500000, 0x0000000084500000| Untracked 
|  70|0x0000000084600000, 0x0000000084600000, 0x0000000084700000|  0%| F|  |TAMS 0x0000000084600000, 0x0000000084600000| Untracked 
|  71|0x0000000084700000, 0x0000000084700000, 0x0000000084800000|  0%| F|  |TAMS 0x0000000084700000, 0x0000000084700000| Untracked 
|  72|0x0000000084800000, 0x0000000084800000, 0x0000000084900000|  0%| F|  |TAMS 0x0000000084800000, 0x0000000084800000| Untracked 
|  73|0x0000000084900000, 0x0000000084900000, 0x0000000084a00000|  0%| F|  |TAMS 0x0000000084900000, 0x0000000084900000| Untracked 
|  74|0x0000000084a00000, 0x0000000084a00000, 0x0000000084b00000|  0%| F|  |TAMS 0x0000000084a00000, 0x0000000084a00000| Untracked 
|  75|0x0000000084b00000, 0x0000000084b00000, 0x0000000084c00000|  0%| F|  |TAMS 0x0000000084b00000, 0x0000000084b00000| Untracked 
|  76|0x0000000084c00000, 0x0000000084c00000, 0x0000000084d00000|  0%| F|  |TAMS 0x0000000084c00000, 0x0000000084c00000| Untracked 
|  77|0x0000000084d00000, 0x0000000084d00000, 0x0000000084e00000|  0%| F|  |TAMS 0x0000000084d00000, 0x0000000084d00000| Untracked 
|  78|0x0000000084e00000, 0x0000000084e00000, 0x0000000084f00000|  0%| F|  |TAMS 0x0000000084e00000, 0x0000000084e00000| Untracked 
|  79|0x0000000084f00000, 0x0000000084f00000, 0x0000000085000000|  0%| F|  |TAMS 0x0000000084f00000, 0x0000000084f00000| Untracked 
|  80|0x0000000085000000, 0x0000000085000000, 0x0000000085100000|  0%| F|  |TAMS 0x0000000085000000, 0x0000000085000000| Untracked 
|  81|0x0000000085100000, 0x0000000085100000, 0x0000000085200000|  0%| F|  |TAMS 0x0000000085100000, 0x0000000085100000| Untracked 
|  82|0x0000000085200000, 0x0000000085200000, 0x0000000085300000|  0%| F|  |TAMS 0x0000000085200000, 0x0000000085200000| Untracked 
|  83|0x0000000085300000, 0x0000000085300000, 0x0000000085400000|  0%| F|  |TAMS 0x0000000085300000, 0x0000000085300000| Untracked 
|  84|0x0000000085400000, 0x0000000085400000, 0x0000000085500000|  0%| F|  |TAMS 0x0000000085400000, 0x0000000085400000| Untracked 
|  85|0x0000000085500000, 0x0000000085500000, 0x0000000085600000|  0%| F|  |TAMS 0x0000000085500000, 0x0000000085500000| Untracked 
|  86|0x0000000085600000, 0x0000000085600000, 0x0000000085700000|  0%| F|  |TAMS 0x0000000085600000, 0x0000000085600000| Untracked 
|  87|0x0000000085700000, 0x0000000085700000, 0x0000000085800000|  0%| F|  |TAMS 0x0000000085700000, 0x0000000085700000| Untracked 
|  88|0x0000000085800000, 0x0000000085800000, 0x0000000085900000|  0%| F|  |TAMS 0x0000000085800000, 0x0000000085800000| Untracked 
|  89|0x0000000085900000, 0x0000000085900000, 0x0000000085a00000|  0%| F|  |TAMS 0x0000000085900000, 0x0000000085900000| Untracked 
|  90|0x0000000085a00000, 0x0000000085a00000, 0x0000000085b00000|  0%| F|  |TAMS 0x0000000085a00000, 0x0000000085a00000| Untracked 
|  91|0x0000000085b00000, 0x0000000085b00000, 0x0000000085c00000|  0%| F|  |TAMS 0x0000000085b00000, 0x0000000085b00000| Untracked 
|  92|0x0000000085c00000, 0x0000000085c00000, 0x0000000085d00000|  0%| F|  |TAMS 0x0000000085c00000, 0x0000000085c00000| Untracked 
|  93|0x0000000085d00000, 0x0000000085d00000, 0x0000000085e00000|  0%| F|  |TAMS 0x0000000085d00000, 0x0000000085d00000| Untracked 
|  94|0x0000000085e00000, 0x0000000085e00000, 0x0000000085f00000|  0%| F|  |TAMS 0x0000000085e00000, 0x0000000085e00000| Untracked 
|  95|0x0000000085f00000, 0x0000000085f00000, 0x0000000086000000|  0%| F|  |TAMS 0x0000000085f00000, 0x0000000085f00000| Untracked 
|  96|0x0000000086000000, 0x0000000086000000, 0x0000000086100000|  0%| F|  |TAMS 0x0000000086000000, 0x0000000086000000| Untracked 
|  97|0x0000000086100000, 0x0000000086100000, 0x0000000086200000|  0%| F|  |TAMS 0x0000000086100000, 0x0000000086100000| Untracked 
|  98|0x0000000086200000, 0x0000000086200000, 0x0000000086300000|  0%| F|  |TAMS 0x0000000086200000, 0x0000000086200000| Untracked 
|  99|0x0000000086300000, 0x0000000086300000, 0x0000000086400000|  0%| F|  |TAMS 0x0000000086300000, 0x0000000086300000| Untracked 
| 100|0x0000000086400000, 0x0000000086400000, 0x0000000086500000|  0%| F|  |TAMS 0x0000000086400000, 0x0000000086400000| Untracked 
| 101|0x0000000086500000, 0x0000000086500000, 0x0000000086600000|  0%| F|  |TAMS 0x0000000086500000, 0x0000000086500000| Untracked 
| 102|0x0000000086600000, 0x0000000086600000, 0x0000000086700000|  0%| F|  |TAMS 0x0000000086600000, 0x0000000086600000| Untracked 
| 103|0x0000000086700000, 0x0000000086700000, 0x0000000086800000|  0%| F|  |TAMS 0x0000000086700000, 0x0000000086700000| Untracked 
| 104|0x0000000086800000, 0x0000000086800000, 0x0000000086900000|  0%| F|  |TAMS 0x0000000086800000, 0x0000000086800000| Untracked 
| 105|0x0000000086900000, 0x0000000086900000, 0x0000000086a00000|  0%| F|  |TAMS 0x0000000086900000, 0x0000000086900000| Untracked 
| 106|0x0000000086a00000, 0x0000000086a00000, 0x0000000086b00000|  0%| F|  |TAMS 0x0000000086a00000, 0x0000000086a00000| Untracked 
| 107|0x0000000086b00000, 0x0000000086b00000, 0x0000000086c00000|  0%| F|  |TAMS 0x0000000086b00000, 0x0000000086b00000| Untracked 
| 108|0x0000000086c00000, 0x0000000086c00000, 0x0000000086d00000|  0%| F|  |TAMS 0x0000000086c00000, 0x0000000086c00000| Untracked 
| 109|0x0000000086d00000, 0x0000000086d00000, 0x0000000086e00000|  0%| F|  |TAMS 0x0000000086d00000, 0x0000000086d00000| Untracked 
| 110|0x0000000086e00000, 0x0000000086e00000, 0x0000000086f00000|  0%| F|  |TAMS 0x0000000086e00000, 0x0000000086e00000| Untracked 
| 111|0x0000000086f00000, 0x0000000086f00000, 0x0000000087000000|  0%| F|  |TAMS 0x0000000086f00000, 0x0000000086f00000| Untracked 
| 112|0x0000000087000000, 0x0000000087000000, 0x0000000087100000|  0%| F|  |TAMS 0x0000000087000000, 0x0000000087000000| Untracked 
| 113|0x0000000087100000, 0x0000000087100000, 0x0000000087200000|  0%| F|  |TAMS 0x0000000087100000, 0x0000000087100000| Untracked 
| 114|0x0000000087200000, 0x0000000087200000, 0x0000000087300000|  0%| F|  |TAMS 0x0000000087200000, 0x0000000087200000| Untracked 
| 115|0x0000000087300000, 0x0000000087300000, 0x0000000087400000|  0%| F|  |TAMS 0x0000000087300000, 0x0000000087300000| Untracked 
| 116|0x0000000087400000, 0x0000000087400000, 0x0000000087500000|  0%| F|  |TAMS 0x0000000087400000, 0x0000000087400000| Untracked 
| 117|0x0000000087500000, 0x0000000087500000, 0x0000000087600000|  0%| F|  |TAMS 0x0000000087500000, 0x0000000087500000| Untracked 
| 118|0x0000000087600000, 0x0000000087600000, 0x0000000087700000|  0%| F|  |TAMS 0x0000000087600000, 0x0000000087600000| Untracked 
| 119|0x0000000087700000, 0x0000000087700000, 0x0000000087800000|  0%| F|  |TAMS 0x0000000087700000, 0x0000000087700000| Untracked 
| 120|0x0000000087800000, 0x0000000087800000, 0x0000000087900000|  0%| F|  |TAMS 0x0000000087800000, 0x0000000087800000| Untracked 
| 121|0x0000000087900000, 0x0000000087900000, 0x0000000087a00000|  0%| F|  |TAMS 0x0000000087900000, 0x0000000087900000| Untracked 
| 122|0x0000000087a00000, 0x0000000087a00000, 0x0000000087b00000|  0%| F|  |TAMS 0x0000000087a00000, 0x0000000087a00000| Untracked 
| 123|0x0000000087b00000, 0x0000000087b00000, 0x0000000087c00000|  0%| F|  |TAMS 0x0000000087b00000, 0x0000000087b00000| Untracked 
| 124|0x0000000087c00000, 0x0000000087c00000, 0x0000000087d00000|  0%| F|  |TAMS 0x0000000087c00000, 0x0000000087c00000| Untracked 
| 125|0x0000000087d00000, 0x0000000087d00000, 0x0000000087e00000|  0%| F|  |TAMS 0x0000000087d00000, 0x0000000087d00000| Untracked 
| 126|0x0000000087e00000, 0x0000000087e00000, 0x0000000087f00000|  0%| F|  |TAMS 0x0000000087e00000, 0x0000000087e00000| Untracked 
| 127|0x0000000087f00000, 0x0000000087f00000, 0x0000000088000000|  0%| F|  |TAMS 0x0000000087f00000, 0x0000000087f00000| Untracked 
| 128|0x0000000088000000, 0x0000000088000000, 0x0000000088100000|  0%| F|  |TAMS 0x0000000088000000, 0x0000000088000000| Untracked 
| 129|0x0000000088100000, 0x0000000088100000, 0x0000000088200000|  0%| F|  |TAMS 0x0000000088100000, 0x0000000088100000| Untracked 
| 130|0x0000000088200000, 0x0000000088200000, 0x0000000088300000|  0%| F|  |TAMS 0x0000000088200000, 0x0000000088200000| Untracked 
| 131|0x0000000088300000, 0x0000000088300000, 0x0000000088400000|  0%| F|  |TAMS 0x0000000088300000, 0x0000000088300000| Untracked 
| 132|0x0000000088400000, 0x0000000088400000, 0x0000000088500000|  0%| F|  |TAMS 0x0000000088400000, 0x0000000088400000| Untracked 
| 133|0x0000000088500000, 0x0000000088500000, 0x0000000088600000|  0%| F|  |TAMS 0x0000000088500000, 0x0000000088500000| Untracked 
| 134|0x0000000088600000, 0x0000000088600000, 0x0000000088700000|  0%| F|  |TAMS 0x0000000088600000, 0x0000000088600000| Untracked 
| 135|0x0000000088700000, 0x0000000088700000, 0x0000000088800000|  0%| F|  |TAMS 0x0000000088700000, 0x0000000088700000| Untracked 
| 136|0x0000000088800000, 0x0000000088800000, 0x0000000088900000|  0%| F|  |TAMS 0x0000000088800000, 0x0000000088800000| Untracked 
| 137|0x0000000088900000, 0x0000000088900000, 0x0000000088a00000|  0%| F|  |TAMS 0x0000000088900000, 0x0000000088900000| Untracked 
| 138|0x0000000088a00000, 0x0000000088a00000, 0x0000000088b00000|  0%| F|  |TAMS 0x0000000088a00000, 0x0000000088a00000| Untracked 
| 139|0x0000000088b00000, 0x0000000088b00000, 0x0000000088c00000|  0%| F|  |TAMS 0x0000000088b00000, 0x0000000088b00000| Untracked 
| 140|0x0000000088c00000, 0x0000000088c00000, 0x0000000088d00000|  0%| F|  |TAMS 0x0000000088c00000, 0x0000000088c00000| Untracked 
| 141|0x0000000088d00000, 0x0000000088d00000, 0x0000000088e00000|  0%| F|  |TAMS 0x0000000088d00000, 0x0000000088d00000| Untracked 
| 142|0x0000000088e00000, 0x0000000088e00000, 0x0000000088f00000|  0%| F|  |TAMS 0x0000000088e00000, 0x0000000088e00000| Untracked 
| 143|0x0000000088f00000, 0x0000000088f00000, 0x0000000089000000|  0%| F|  |TAMS 0x0000000088f00000, 0x0000000088f00000| Untracked 
| 144|0x0000000089000000, 0x0000000089000000, 0x0000000089100000|  0%| F|  |TAMS 0x0000000089000000, 0x0000000089000000| Untracked 
| 145|0x0000000089100000, 0x0000000089100000, 0x0000000089200000|  0%| F|  |TAMS 0x0000000089100000, 0x0000000089100000| Untracked 
| 146|0x0000000089200000, 0x0000000089200000, 0x0000000089300000|  0%| F|  |TAMS 0x0000000089200000, 0x0000000089200000| Untracked 
| 147|0x0000000089300000, 0x0000000089300000, 0x0000000089400000|  0%| F|  |TAMS 0x0000000089300000, 0x0000000089300000| Untracked 
| 148|0x0000000089400000, 0x0000000089400000, 0x0000000089500000|  0%| F|  |TAMS 0x0000000089400000, 0x0000000089400000| Untracked 
| 149|0x0000000089500000, 0x0000000089500000, 0x0000000089600000|  0%| F|  |TAMS 0x0000000089500000, 0x0000000089500000| Untracked 
| 150|0x0000000089600000, 0x0000000089600000, 0x0000000089700000|  0%| F|  |TAMS 0x0000000089600000, 0x0000000089600000| Untracked 
| 151|0x0000000089700000, 0x0000000089700000, 0x0000000089800000|  0%| F|  |TAMS 0x0000000089700000, 0x0000000089700000| Untracked 
| 152|0x0000000089800000, 0x0000000089800000, 0x0000000089900000|  0%| F|  |TAMS 0x0000000089800000, 0x0000000089800000| Untracked 
| 153|0x0000000089900000, 0x0000000089900000, 0x0000000089a00000|  0%| F|  |TAMS 0x0000000089900000, 0x0000000089900000| Untracked 
| 154|0x0000000089a00000, 0x0000000089a00000, 0x0000000089b00000|  0%| F|  |TAMS 0x0000000089a00000, 0x0000000089a00000| Untracked 
| 155|0x0000000089b00000, 0x0000000089b00000, 0x0000000089c00000|  0%| F|  |TAMS 0x0000000089b00000, 0x0000000089b00000| Untracked 
| 156|0x0000000089c00000, 0x0000000089c00000, 0x0000000089d00000|  0%| F|  |TAMS 0x0000000089c00000, 0x0000000089c00000| Untracked 
| 157|0x0000000089d00000, 0x0000000089d00000, 0x0000000089e00000|  0%| F|  |TAMS 0x0000000089d00000, 0x0000000089d00000| Untracked 
| 158|0x0000000089e00000, 0x0000000089e00000, 0x0000000089f00000|  0%| F|  |TAMS 0x0000000089e00000, 0x0000000089e00000| Untracked 
| 159|0x0000000089f00000, 0x0000000089f00000, 0x000000008a000000|  0%| F|  |TAMS 0x0000000089f00000, 0x0000000089f00000| Untracked 
| 160|0x000000008a000000, 0x000000008a000000, 0x000000008a100000|  0%| F|  |TAMS 0x000000008a000000, 0x000000008a000000| Untracked 
| 161|0x000000008a100000, 0x000000008a100000, 0x000000008a200000|  0%| F|  |TAMS 0x000000008a100000, 0x000000008a100000| Untracked 
| 162|0x000000008a200000, 0x000000008a200000, 0x000000008a300000|  0%| F|  |TAMS 0x000000008a200000, 0x000000008a200000| Untracked 
| 163|0x000000008a300000, 0x000000008a300000, 0x000000008a400000|  0%| F|  |TAMS 0x000000008a300000, 0x000000008a300000| Untracked 
| 164|0x000000008a400000, 0x000000008a400000, 0x000000008a500000|  0%| F|  |TAMS 0x000000008a400000, 0x000000008a400000| Untracked 
| 165|0x000000008a500000, 0x000000008a500000, 0x000000008a600000|  0%| F|  |TAMS 0x000000008a500000, 0x000000008a500000| Untracked 
| 166|0x000000008a600000, 0x000000008a600000, 0x000000008a700000|  0%| F|  |TAMS 0x000000008a600000, 0x000000008a600000| Untracked 
| 167|0x000000008a700000, 0x000000008a700000, 0x000000008a800000|  0%| F|  |TAMS 0x000000008a700000, 0x000000008a700000| Untracked 
| 168|0x000000008a800000, 0x000000008a800000, 0x000000008a900000|  0%| F|  |TAMS 0x000000008a800000, 0x000000008a800000| Untracked 
| 169|0x000000008a900000, 0x000000008a900000, 0x000000008aa00000|  0%| F|  |TAMS 0x000000008a900000, 0x000000008a900000| Untracked 
| 170|0x000000008aa00000, 0x000000008aa00000, 0x000000008ab00000|  0%| F|  |TAMS 0x000000008aa00000, 0x000000008aa00000| Untracked 
| 171|0x000000008ab00000, 0x000000008ab00000, 0x000000008ac00000|  0%| F|  |TAMS 0x000000008ab00000, 0x000000008ab00000| Untracked 
| 172|0x000000008ac00000, 0x000000008ac00000, 0x000000008ad00000|  0%| F|  |TAMS 0x000000008ac00000, 0x000000008ac00000| Untracked 
| 173|0x000000008ad00000, 0x000000008ad00000, 0x000000008ae00000|  0%| F|  |TAMS 0x000000008ad00000, 0x000000008ad00000| Untracked 
| 174|0x000000008ae00000, 0x000000008ae00000, 0x000000008af00000|  0%| F|  |TAMS 0x000000008ae00000, 0x000000008ae00000| Untracked 
| 175|0x000000008af00000, 0x000000008af00000, 0x000000008b000000|  0%| F|  |TAMS 0x000000008af00000, 0x000000008af00000| Untracked 
| 176|0x000000008b000000, 0x000000008b000000, 0x000000008b100000|  0%| F|  |TAMS 0x000000008b000000, 0x000000008b000000| Untracked 
| 177|0x000000008b100000, 0x000000008b100000, 0x000000008b200000|  0%| F|  |TAMS 0x000000008b100000, 0x000000008b100000| Untracked 
| 178|0x000000008b200000, 0x000000008b200000, 0x000000008b300000|  0%| F|  |TAMS 0x000000008b200000, 0x000000008b200000| Untracked 
| 179|0x000000008b300000, 0x000000008b300000, 0x000000008b400000|  0%| F|  |TAMS 0x000000008b300000, 0x000000008b300000| Untracked 
| 180|0x000000008b400000, 0x000000008b400000, 0x000000008b500000|  0%| F|  |TAMS 0x000000008b400000, 0x000000008b400000| Untracked 
| 181|0x000000008b500000, 0x000000008b500000, 0x000000008b600000|  0%| F|  |TAMS 0x000000008b500000, 0x000000008b500000| Untracked 
| 182|0x000000008b600000, 0x000000008b600000, 0x000000008b700000|  0%| F|  |TAMS 0x000000008b600000, 0x000000008b600000| Untracked 
| 183|0x000000008b700000, 0x000000008b700000, 0x000000008b800000|  0%| F|  |TAMS 0x000000008b700000, 0x000000008b700000| Untracked 
| 184|0x000000008b800000, 0x000000008b800000, 0x000000008b900000|  0%| F|  |TAMS 0x000000008b800000, 0x000000008b800000| Untracked 
| 185|0x000000008b900000, 0x000000008b900000, 0x000000008ba00000|  0%| F|  |TAMS 0x000000008b900000, 0x000000008b900000| Untracked 
| 186|0x000000008ba00000, 0x000000008ba00000, 0x000000008bb00000|  0%| F|  |TAMS 0x000000008ba00000, 0x000000008ba00000| Untracked 
| 187|0x000000008bb00000, 0x000000008bb00000, 0x000000008bc00000|  0%| F|  |TAMS 0x000000008bb00000, 0x000000008bb00000| Untracked 
| 188|0x000000008bc00000, 0x000000008bc00000, 0x000000008bd00000|  0%| F|  |TAMS 0x000000008bc00000, 0x000000008bc00000| Untracked 
| 189|0x000000008bd00000, 0x000000008bd00000, 0x000000008be00000|  0%| F|  |TAMS 0x000000008bd00000, 0x000000008bd00000| Untracked 
| 190|0x000000008be00000, 0x000000008be00000, 0x000000008bf00000|  0%| F|  |TAMS 0x000000008be00000, 0x000000008be00000| Untracked 
| 191|0x000000008bf00000, 0x000000008bf00000, 0x000000008c000000|  0%| F|  |TAMS 0x000000008bf00000, 0x000000008bf00000| Untracked 
| 192|0x000000008c000000, 0x000000008c083c70, 0x000000008c100000| 51%| S|CS|TAMS 0x000000008c000000, 0x000000008c000000| Complete 
| 193|0x000000008c100000, 0x000000008c200000, 0x000000008c200000|100%| S|CS|TAMS 0x000000008c100000, 0x000000008c100000| Complete 
| 194|0x000000008c200000, 0x000000008c300000, 0x000000008c300000|100%| S|CS|TAMS 0x000000008c200000, 0x000000008c200000| Complete 
| 195|0x000000008c300000, 0x000000008c300000, 0x000000008c400000|  0%| F|  |TAMS 0x000000008c300000, 0x000000008c300000| Untracked 
| 196|0x000000008c400000, 0x000000008c400000, 0x000000008c500000|  0%| F|  |TAMS 0x000000008c400000, 0x000000008c400000| Untracked 
| 197|0x000000008c500000, 0x000000008c500000, 0x000000008c600000|  0%| F|  |TAMS 0x000000008c500000, 0x000000008c500000| Untracked 
| 198|0x000000008c600000, 0x000000008c600000, 0x000000008c700000|  0%| F|  |TAMS 0x000000008c600000, 0x000000008c600000| Untracked 
| 199|0x000000008c700000, 0x000000008c700000, 0x000000008c800000|  0%| F|  |TAMS 0x000000008c700000, 0x000000008c700000| Untracked 
| 200|0x000000008c800000, 0x000000008c800000, 0x000000008c900000|  0%| F|  |TAMS 0x000000008c800000, 0x000000008c800000| Untracked 
| 201|0x000000008c900000, 0x000000008c900000, 0x000000008ca00000|  0%| F|  |TAMS 0x000000008c900000, 0x000000008c900000| Untracked 
| 202|0x000000008ca00000, 0x000000008ca00000, 0x000000008cb00000|  0%| F|  |TAMS 0x000000008ca00000, 0x000000008ca00000| Untracked 
| 203|0x000000008cb00000, 0x000000008cb00000, 0x000000008cc00000|  0%| F|  |TAMS 0x000000008cb00000, 0x000000008cb00000| Untracked 
| 204|0x000000008cc00000, 0x000000008cc00000, 0x000000008cd00000|  0%| F|  |TAMS 0x000000008cc00000, 0x000000008cc00000| Untracked 
| 205|0x000000008cd00000, 0x000000008cd00000, 0x000000008ce00000|  0%| F|  |TAMS 0x000000008cd00000, 0x000000008cd00000| Untracked 
| 206|0x000000008ce00000, 0x000000008ce00000, 0x000000008cf00000|  0%| F|  |TAMS 0x000000008ce00000, 0x000000008ce00000| Untracked 
| 207|0x000000008cf00000, 0x000000008cf00000, 0x000000008d000000|  0%| F|  |TAMS 0x000000008cf00000, 0x000000008cf00000| Untracked 
| 208|0x000000008d000000, 0x000000008d000000, 0x000000008d100000|  0%| F|  |TAMS 0x000000008d000000, 0x000000008d000000| Untracked 
| 209|0x000000008d100000, 0x000000008d100000, 0x000000008d200000|  0%| F|  |TAMS 0x000000008d100000, 0x000000008d100000| Untracked 
| 210|0x000000008d200000, 0x000000008d200000, 0x000000008d300000|  0%| F|  |TAMS 0x000000008d200000, 0x000000008d200000| Untracked 
| 211|0x000000008d300000, 0x000000008d300000, 0x000000008d400000|  0%| F|  |TAMS 0x000000008d300000, 0x000000008d300000| Untracked 
| 212|0x000000008d400000, 0x000000008d400000, 0x000000008d500000|  0%| F|  |TAMS 0x000000008d400000, 0x000000008d400000| Untracked 
| 213|0x000000008d500000, 0x000000008d500000, 0x000000008d600000|  0%| F|  |TAMS 0x000000008d500000, 0x000000008d500000| Untracked 
| 214|0x000000008d600000, 0x000000008d600000, 0x000000008d700000|  0%| F|  |TAMS 0x000000008d600000, 0x000000008d600000| Untracked 
| 215|0x000000008d700000, 0x000000008d700000, 0x000000008d800000|  0%| F|  |TAMS 0x000000008d700000, 0x000000008d700000| Untracked 
| 216|0x000000008d800000, 0x000000008d800000, 0x000000008d900000|  0%| F|  |TAMS 0x000000008d800000, 0x000000008d800000| Untracked 
| 217|0x000000008d900000, 0x000000008d900000, 0x000000008da00000|  0%| F|  |TAMS 0x000000008d900000, 0x000000008d900000| Untracked 
| 218|0x000000008da00000, 0x000000008da00000, 0x000000008db00000|  0%| F|  |TAMS 0x000000008da00000, 0x000000008da00000| Untracked 
| 219|0x000000008db00000, 0x000000008db00000, 0x000000008dc00000|  0%| F|  |TAMS 0x000000008db00000, 0x000000008db00000| Untracked 
| 220|0x000000008dc00000, 0x000000008dc00000, 0x000000008dd00000|  0%| F|  |TAMS 0x000000008dc00000, 0x000000008dc00000| Untracked 
| 221|0x000000008dd00000, 0x000000008dd00000, 0x000000008de00000|  0%| F|  |TAMS 0x000000008dd00000, 0x000000008dd00000| Untracked 
| 222|0x000000008de00000, 0x000000008de00000, 0x000000008df00000|  0%| F|  |TAMS 0x000000008de00000, 0x000000008de00000| Untracked 
| 223|0x000000008df00000, 0x000000008df00000, 0x000000008e000000|  0%| F|  |TAMS 0x000000008df00000, 0x000000008df00000| Untracked 
| 224|0x000000008e000000, 0x000000008e000000, 0x000000008e100000|  0%| F|  |TAMS 0x000000008e000000, 0x000000008e000000| Untracked 
| 225|0x000000008e100000, 0x000000008e100000, 0x000000008e200000|  0%| F|  |TAMS 0x000000008e100000, 0x000000008e100000| Untracked 
| 226|0x000000008e200000, 0x000000008e200000, 0x000000008e300000|  0%| F|  |TAMS 0x000000008e200000, 0x000000008e200000| Untracked 
| 227|0x000000008e300000, 0x000000008e300000, 0x000000008e400000|  0%| F|  |TAMS 0x000000008e300000, 0x000000008e300000| Untracked 
| 228|0x000000008e400000, 0x000000008e400000, 0x000000008e500000|  0%| F|  |TAMS 0x000000008e400000, 0x000000008e400000| Untracked 
| 229|0x000000008e500000, 0x000000008e500000, 0x000000008e600000|  0%| F|  |TAMS 0x000000008e500000, 0x000000008e500000| Untracked 
| 230|0x000000008e600000, 0x000000008e600000, 0x000000008e700000|  0%| F|  |TAMS 0x000000008e600000, 0x000000008e600000| Untracked 
| 231|0x000000008e700000, 0x000000008e700000, 0x000000008e800000|  0%| F|  |TAMS 0x000000008e700000, 0x000000008e700000| Untracked 
| 232|0x000000008e800000, 0x000000008e800000, 0x000000008e900000|  0%| F|  |TAMS 0x000000008e800000, 0x000000008e800000| Untracked 
| 233|0x000000008e900000, 0x000000008e900000, 0x000000008ea00000|  0%| F|  |TAMS 0x000000008e900000, 0x000000008e900000| Untracked 
| 234|0x000000008ea00000, 0x000000008ea00000, 0x000000008eb00000|  0%| F|  |TAMS 0x000000008ea00000, 0x000000008ea00000| Untracked 
| 235|0x000000008eb00000, 0x000000008eb00000, 0x000000008ec00000|  0%| F|  |TAMS 0x000000008eb00000, 0x000000008eb00000| Untracked 
| 236|0x000000008ec00000, 0x000000008ec00000, 0x000000008ed00000|  0%| F|  |TAMS 0x000000008ec00000, 0x000000008ec00000| Untracked 
| 237|0x000000008ed00000, 0x000000008ed00000, 0x000000008ee00000|  0%| F|  |TAMS 0x000000008ed00000, 0x000000008ed00000| Untracked 
| 238|0x000000008ee00000, 0x000000008ee00000, 0x000000008ef00000|  0%| F|  |TAMS 0x000000008ee00000, 0x000000008ee00000| Untracked 
| 239|0x000000008ef00000, 0x000000008ef00000, 0x000000008f000000|  0%| F|  |TAMS 0x000000008ef00000, 0x000000008ef00000| Untracked 
| 240|0x000000008f000000, 0x000000008f000000, 0x000000008f100000|  0%| F|  |TAMS 0x000000008f000000, 0x000000008f000000| Untracked 
| 241|0x000000008f100000, 0x000000008f180800, 0x000000008f200000| 50%| E|  |TAMS 0x000000008f100000, 0x000000008f100000| Complete 
| 242|0x000000008f200000, 0x000000008f300000, 0x000000008f300000|100%| E|CS|TAMS 0x000000008f200000, 0x000000008f200000| Complete 
| 243|0x000000008f300000, 0x000000008f400000, 0x000000008f400000|100%| E|CS|TAMS 0x000000008f300000, 0x000000008f300000| Complete 
| 244|0x000000008f400000, 0x000000008f500000, 0x000000008f500000|100%| E|CS|TAMS 0x000000008f400000, 0x000000008f400000| Complete 
| 245|0x000000008f500000, 0x000000008f600000, 0x000000008f600000|100%| E|CS|TAMS 0x000000008f500000, 0x000000008f500000| Complete 
| 246|0x000000008f600000, 0x000000008f700000, 0x000000008f700000|100%| E|CS|TAMS 0x000000008f600000, 0x000000008f600000| Complete 
| 247|0x000000008f700000, 0x000000008f800000, 0x000000008f800000|100%| E|CS|TAMS 0x000000008f700000, 0x000000008f700000| Complete 
| 248|0x000000008f800000, 0x000000008f900000, 0x000000008f900000|100%| E|CS|TAMS 0x000000008f800000, 0x000000008f800000| Complete 
| 249|0x000000008f900000, 0x000000008fa00000, 0x000000008fa00000|100%| E|CS|TAMS 0x000000008f900000, 0x000000008f900000| Complete 
| 250|0x000000008fa00000, 0x000000008fb00000, 0x000000008fb00000|100%| E|CS|TAMS 0x000000008fa00000, 0x000000008fa00000| Complete 
| 251|0x000000008fb00000, 0x000000008fc00000, 0x000000008fc00000|100%| E|CS|TAMS 0x000000008fb00000, 0x000000008fb00000| Complete 
| 252|0x000000008fc00000, 0x000000008fd00000, 0x000000008fd00000|100%| E|CS|TAMS 0x000000008fc00000, 0x000000008fc00000| Complete 
| 253|0x000000008fd00000, 0x000000008fe00000, 0x000000008fe00000|100%| E|CS|TAMS 0x000000008fd00000, 0x000000008fd00000| Complete 
| 254|0x000000008fe00000, 0x000000008ff00000, 0x000000008ff00000|100%| E|CS|TAMS 0x000000008fe00000, 0x000000008fe00000| Complete 
| 255|0x000000008ff00000, 0x0000000090000000, 0x0000000090000000|100%| E|CS|TAMS 0x000000008ff00000, 0x000000008ff00000| Complete 

Card table byte_map: [0x0000014427d90000,0x0000014428190000] _byte_map_base: 0x0000014427990000

Marking Bits (Prev, Next): (CMBitMap*) 0x0000014412c3c1e0, (CMBitMap*) 0x0000014412c3c1a8
 Prev Bits: [0x000001442a590000, 0x000001442c590000)
 Next Bits: [0x0000014428590000, 0x000001442a590000)

Polling page: 0x0000014412ce0000

Metaspace:

Usage:
  Non-class:     24.05 MB capacity,    23.65 MB ( 98%) used,   356.60 KB (  1%) free+waste,    56.38 KB ( <1%) overhead. 
      Class:      3.84 MB capacity,     3.62 MB ( 94%) used,   195.29 KB (  5%) free+waste,    28.63 KB ( <1%) overhead. 
       Both:     27.89 MB capacity,    27.27 MB ( 98%) used,   551.89 KB (  2%) free+waste,    85.00 KB ( <1%) overhead. 

Virtual space:
  Non-class space:       26.00 MB reserved,      24.25 MB ( 93%) committed 
      Class space:        1.00 GB reserved,       3.88 MB ( <1%) committed 
             Both:        1.03 GB reserved,      28.13 MB (  3%) committed 

Chunk freelists:
   Non-Class:  8.00 KB
       Class:  4.00 KB
        Both:  12.00 KB

MaxMetaspaceSize: 17179869184.00 GB
CompressedClassSpaceSize: 1.00 GB

CodeHeap 'non-profiled nmethods': size=120000Kb used=1125Kb max_used=1125Kb free=118874Kb
 bounds [0x000001441f9e0000, 0x000001441fc50000, 0x0000014426f10000]
CodeHeap 'profiled nmethods': size=120000Kb used=5078Kb max_used=5078Kb free=114922Kb
 bounds [0x00000144184b0000, 0x00000144189b0000, 0x000001441f9e0000]
CodeHeap 'non-nmethods': size=5760Kb used=1159Kb max_used=1187Kb free=4600Kb
 bounds [0x0000014417f10000, 0x0000014418180000, 0x00000144184b0000]
 total_blobs=2877 nmethods=2373 adapters=415
 compilation: enabled
              stopped_count=0, restarted_count=0
 full_count=0

Compilation events (20 events):
Event: 15.952 Thread 0x000001442f941800 2209       3       sun.reflect.generics.factory.CoreReflectionFactory::getDeclsLoader (85 bytes)
Event: 15.953 Thread 0x000001442f941800 nmethod 2209 0x0000014418940390 code [0x0000014418940720, 0x00000144189424b8]
Event: 15.954 Thread 0x000001442f941800 2211   !   3       org.gradle.internal.service.DefaultServiceRegistry$FactoryService::bind (283 bytes)
Event: 15.957 Thread 0x000001442f941800 nmethod 2211 0x0000014418942b90 code [0x00000144189432a0, 0x0000014418947908]
Event: 15.958 Thread 0x000001442f941800 2212   !   3       java.lang.invoke.MethodHandleNatives::linkMethodHandleConstant (50 bytes)
Event: 15.958 Thread 0x000001442f941800 nmethod 2212 0x0000014418949010 code [0x00000144189491e0, 0x00000144189493c8]
Event: 15.958 Thread 0x000001442f941800 2213       3       java.lang.invoke.MethodHandles$Lookup::linkMethodHandleConstant (220 bytes)
Event: 15.959 Thread 0x000001442f941800 nmethod 2213 0x0000014418949590 code [0x0000014418949980, 0x000001441894b518]
Event: 15.962 Thread 0x000001442f941800 2214       3       jdk.internal.reflect.ReflectionFactory::newMethodAccessor (119 bytes)
Event: 15.964 Thread 0x000001442f941800 nmethod 2214 0x000001441894bd90 code [0x000001441894c180, 0x000001441894dec8]
Event: 15.964 Thread 0x000001442f941800 2215       3       jdk.internal.reflect.Reflection::isCallerSensitive (24 bytes)
Event: 15.965 Thread 0x000001442f941800 nmethod 2215 0x000001441894e810 code [0x000001441894eb40, 0x000001441894feb8]
Event: 15.973 Thread 0x000001442f941800 2216       3       org.gradle.internal.service.DefaultServiceRegistry$FactoryMethodService::getParameterTypes (10 bytes)
Event: 15.973 Thread 0x000001442f941800 nmethod 2216 0x0000014418950490 code [0x0000014418950640, 0x0000014418950818]
Event: 15.973 Thread 0x000001442f941800 2218       3       org.gradle.internal.service.DefaultServiceRegistry$FactoryService::assembleParameters (58 bytes)
Event: 15.974 Thread 0x000001442f941800 nmethod 2218 0x0000014418950910 code [0x0000014418950b00, 0x00000144189510e8]
Event: 15.974 Thread 0x000001442f941800 2217       3       org.gradle.internal.service.DefaultServiceRegistry$FactoryService::create (18 bytes)
Event: 15.974 Thread 0x000001442f941800 nmethod 2217 0x0000014418951310 code [0x00000144189514e0, 0x00000144189516f8]
Event: 15.978 Thread 0x000001442f941800 2219       3       java.util.concurrent.ConcurrentHashMap::<init> (5 bytes)
Event: 15.978 Thread 0x000001442f941800 nmethod 2219 0x0000014418951810 code [0x00000144189519c0, 0x0000014418951b78]

GC Heap History (4 events):
Event: 8.107 GC heap before
{Heap before GC invocations=0 (full 0):
 garbage-first heap   total 262144K, used 29696K [0x0000000080000000, 0x0000000100000000)
  region size 1024K, 24 young (24576K), 0 survivors (0K)
 Metaspace       used 10204K, capacity 10423K, committed 10624K, reserved 1058816K
  class space    used 1066K, capacity 1141K, committed 1152K, reserved 1048576K
}
Event: 8.113 GC heap after
{Heap after GC invocations=1 (full 0):
 garbage-first heap   total 262144K, used 9620K [0x0000000080000000, 0x0000000100000000)
  region size 1024K, 3 young (3072K), 3 survivors (3072K)
 Metaspace       used 10204K, capacity 10423K, committed 10624K, reserved 1058816K
  class space    used 1066K, capacity 1141K, committed 1152K, reserved 1048576K
}
Event: 15.399 GC heap before
{Heap before GC invocations=1 (full 0):
 garbage-first heap   total 262144K, used 104852K [0x0000000080000000, 0x0000000100000000)
  region size 1024K, 97 young (99328K), 3 survivors (3072K)
 Metaspace       used 20557K, capacity 21088K, committed 21248K, reserved 1067008K
  class space    used 2505K, capacity 2690K, committed 2816K, reserved 1048576K
}
Event: 15.411 GC heap after
{Heap after GC invocations=2 (full 0):
 garbage-first heap   total 262144K, used 16861K [0x0000000080000000, 0x0000000100000000)
  region size 1024K, 11 young (11264K), 11 survivors (11264K)
 Metaspace       used 20557K, capacity 21088K, committed 21248K, reserved 1067008K
  class space    used 2505K, capacity 2690K, committed 2816K, reserved 1048576K
}

Deoptimization events (20 events):
Event: 15.670 Thread 0x0000014432c78800 Uncommon trap: trap_request=0xffffff4d fr.pc=0x000001441fa48dd4 relative=0x0000000000000094
Event: 15.670 Thread 0x0000014432c78800 Uncommon trap: reason=unstable_if action=reinterpret pc=0x000001441fa48dd4 method=java.util.LinkedHashMap.afterNodeInsertion(Z)V @ 1 c2
Event: 15.670 Thread 0x0000014432c78800 DEOPT PACKING pc=0x000001441fa48dd4 sp=0x000000187d5fc760
Event: 15.670 Thread 0x0000014432c78800 DEOPT UNPACKING pc=0x0000014417f378af sp=0x000000187d5fc6e0 mode 2
Event: 15.673 Thread 0x0000014432c78800 Uncommon trap: trap_request=0xffffff4d fr.pc=0x000001441fa2c834 relative=0x0000000000000274
Event: 15.673 Thread 0x0000014432c78800 Uncommon trap: reason=unstable_if action=reinterpret pc=0x000001441fa2c834 method=java.util.concurrent.ConcurrentHashMap.get(Ljava/lang/Object;)Ljava/lang/Object; @ 152 c2
Event: 15.673 Thread 0x0000014432c78800 DEOPT PACKING pc=0x000001441fa2c834 sp=0x000000187d5fa870
Event: 15.673 Thread 0x0000014432c78800 DEOPT UNPACKING pc=0x0000014417f378af sp=0x000000187d5fa7d8 mode 2
Event: 15.893 Thread 0x0000014432c78800 Uncommon trap: trap_request=0xffffff7e fr.pc=0x000001441fae9330 relative=0x0000000000000150
Event: 15.893 Thread 0x0000014432c78800 Uncommon trap: reason=predicate action=maybe_recompile pc=0x000001441fae9330 method=com.google.common.base.CharMatcher.indexIn(Ljava/lang/CharSequence;I)I @ 19 c2
Event: 15.893 Thread 0x0000014432c78800 DEOPT PACKING pc=0x000001441fae9330 sp=0x000000187d5fb890
Event: 15.893 Thread 0x0000014432c78800 DEOPT UNPACKING pc=0x0000014417f378af sp=0x000000187d5fb820 mode 2
Event: 15.920 Thread 0x0000014432c78800 Uncommon trap: trap_request=0xffffffde fr.pc=0x000001441fac68a8 relative=0x00000000000002e8
Event: 15.920 Thread 0x0000014432c78800 Uncommon trap: reason=class_check action=maybe_recompile pc=0x000001441fac68a8 method=java.util.Collections$SetFromMap.remove(Ljava/lang/Object;)Z @ 5 c2
Event: 15.920 Thread 0x0000014432c78800 DEOPT PACKING pc=0x000001441fac68a8 sp=0x000000187d5fc2a0
Event: 15.920 Thread 0x0000014432c78800 DEOPT UNPACKING pc=0x0000014417f378af sp=0x000000187d5fc298 mode 2
Event: 15.920 Thread 0x0000014432c78800 Uncommon trap: trap_request=0xffffffde fr.pc=0x000001441fac68a8 relative=0x00000000000002e8
Event: 15.920 Thread 0x0000014432c78800 Uncommon trap: reason=class_check action=maybe_recompile pc=0x000001441fac68a8 method=java.util.Collections$SetFromMap.remove(Ljava/lang/Object;)Z @ 5 c2
Event: 15.920 Thread 0x0000014432c78800 DEOPT PACKING pc=0x000001441fac68a8 sp=0x000000187d5fc220
Event: 15.920 Thread 0x0000014432c78800 DEOPT UNPACKING pc=0x0000014417f378af sp=0x000000187d5fc218 mode 2

Classes redefined (0 events):
No events

Internal exceptions (20 events):
Event: 15.273 Thread 0x0000014432c78800 Exception <a 'java/lang/NoSuchMethodError'{0x000000008a7b98d8}: 'void java.lang.invoke.DirectMethodHandle$Holder.invokeInterface(java.lang.Object, java.lang.Object)'> (0x000000008a7b98d8) thrown at [./src/hotspot/share/interpreter/linkResolver.cpp, line 773]
Event: 15.273 Thread 0x0000014432c78800 Exception <a 'java/lang/IncompatibleClassChangeError'{0x000000008a7bca88}: Found class java.lang.Object, but interface was expected> (0x000000008a7bca88) thrown at [./src/hotspot/share/interpreter/linkResolver.cpp, line 839]
Event: 15.288 Thread 0x0000014432c78800 Exception <a 'java/lang/NoSuchMethodError'{0x000000008a531470}: 'void java.lang.invoke.DirectMethodHandle$Holder.invokeStaticInit(java.lang.Object)'> (0x000000008a531470) thrown at [./src/hotspot/share/interpreter/linkResolver.cpp, line 773]
Event: 15.325 Thread 0x0000014432c78800 Exception <a 'java/lang/NoSuchMethodError'{0x000000008a3a5610}: 'java.lang.Object java.lang.invoke.DirectMethodHandle$Holder.invokeStatic(java.lang.Object, java.lang.Object, java.lang.Object, int)'> (0x000000008a3a5610) thrown at [./src/hotspot/share/interpreter/linkResolver.cpp, line 773]
Event: 15.326 Thread 0x0000014432c78800 Exception <a 'java/lang/NoSuchMethodError'{0x000000008a3a97d8}: 'java.lang.Object java.lang.invoke.DirectMethodHandle$Holder.invokeSpecial(java.lang.Object, java.lang.Object, java.lang.Object, java.lang.Object, int)'> (0x000000008a3a97d8) thrown at [./src/hotspot/share/interpreter/linkResolver.cpp, line 773]
Event: 15.326 Thread 0x0000014432c78800 Exception <a 'java/lang/NoSuchMethodError'{0x000000008a3ad1c0}: 'java.lang.Object java.lang.invoke.Invokers$Holder.linkToTargetMethod(java.lang.Object, java.lang.Object, int, java.lang.Object)'> (0x000000008a3ad1c0) thrown at [./src/hotspot/share/interpreter/linkResolver.cpp, line 773]
Event: 15.424 Thread 0x0000014432c78800 Exception <a 'java/lang/NoSuchMethodError'{0x000000008ffa85a0}: 'int java.lang.invoke.DirectMethodHandle$Holder.invokeSpecialIFC(java.lang.Object, java.lang.Object, java.lang.Object, java.lang.Object)'> (0x000000008ffa85a0) thrown at [./src/hotspot/share/interpreter/linkResolver.cpp, line 773]
Event: 15.426 Thread 0x0000014432c78800 Exception <a 'java/lang/NoSuchMethodError'{0x000000008ffb6360}: 'java.lang.Object java.lang.invoke.DirectMethodHandle$Holder.invokeInterface(java.lang.Object, java.lang.Object, java.lang.Object)'> (0x000000008ffb6360) thrown at [./src/hotspot/share/interpreter/linkResolver.cpp, line 773]
Event: 15.426 Thread 0x0000014432c78800 Exception <a 'java/lang/IncompatibleClassChangeError'{0x000000008ffb9838}: Found class java.lang.Object, but interface was expected> (0x000000008ffb9838) thrown at [./src/hotspot/share/interpreter/linkResolver.cpp, line 839]
Event: 15.434 Thread 0x0000014432c78800 Exception <a 'java/lang/NoSuchMethodError'{0x000000008fe6f408}: 'void java.lang.invoke.DirectMethodHandle$Holder.invokeStatic(java.lang.Object, java.lang.Object, java.lang.Object, java.lang.Object, java.lang.Object)'> (0x000000008fe6f408) thrown at [./src/hotspot/share/interpreter/linkResolver.cpp, line 773]
Event: 15.513 Thread 0x0000014432c78800 Exception <a 'java/lang/NoSuchMethodError'{0x000000008f9c3c78}: 'void java.lang.invoke.DirectMethodHandle$Holder.invokeSpecial(java.lang.Object, java.lang.Object)'> (0x000000008f9c3c78) thrown at [./src/hotspot/share/interpreter/linkResolver.cpp, line 773]
Event: 15.553 Thread 0x0000014432c78800 Exception <a 'java/lang/NoSuchMethodError'{0x000000008f7fe460}: 'java.lang.Object java.lang.invoke.DirectMethodHandle$Holder.invokeSpecial(java.lang.Object, java.lang.Object, java.lang.Object, java.lang.Object, java.lang.Object, java.lang.Object, java.lang.Object, java.lang.Object, java.lang.Object)'> (0x000000008f7fe460) thrown at [./src/hotspot/share/interpreter/linkResolver.cpp, line 773]
Event: 15.617 Thread 0x0000014432c78800 Exception <a 'java/lang/NoSuchMethodError'{0x000000008ed93b00}: 'java.lang.Object java.lang.invoke.DirectMethodHandle$Holder.invokeVirtual(java.lang.Object, java.lang.Object, java.lang.Object, java.lang.Object)'> (0x000000008ed93b00) thrown at [./src/hotspot/share/interpreter/linkResolver.cpp, line 773]
Event: 15.637 Thread 0x0000014432c78800 Exception <a 'java/lang/NoSuchMethodError'{0x000000008ea5d038}: 'java.lang.Object java.lang.invoke.Invokers$Holder.invoker(java.lang.Object, java.lang.Object, java.lang.Object, java.lang.Object, java.lang.Object)'> (0x000000008ea5d038) thrown at [./src/hotspot/share/interpreter/linkResolver.cpp, line 773]
Event: 15.704 Thread 0x0000014432c78800 Exception <a 'java/lang/NoSuchMethodError'{0x000000008e6abb18}: 'void java.lang.invoke.DirectMethodHandle$Holder.invokeSpecial(java.lang.Object, java.lang.Object, java.lang.Object, java.lang.Object, java.lang.Object, java.lang.Object)'> (0x000000008e6abb18) thrown at [./src/hotspot/share/interpreter/linkResolver.cpp, line 773]
Event: 15.712 Thread 0x0000014432c78800 Exception <a 'java/lang/NoSuchMethodError'{0x000000008e5117d0}: 'void java.lang.invoke.DirectMethodHandle$Holder.invokeSpecial(java.lang.Object, java.lang.Object, java.lang.Object, java.lang.Object, java.lang.Object, java.lang.Object, java.lang.Object)'> (0x000000008e5117d0) thrown at [./src/hotspot/share/interpreter/linkResolver.cpp, line 773]
Event: 15.712 Thread 0x0000014432c78800 Exception <a 'java/lang/NoSuchMethodError'{0x000000008e519a18}: 'java.lang.Object java.lang.invoke.Invokers$Holder.linkToTargetMethod(java.lang.Object, java.lang.Object, java.lang.Object, java.lang.Object, java.lang.Object, java.lang.Object)'> (0x000000008e519a18) thrown at [./src/hotspot/share/interpreter/linkResolver.cpp, line 773]
Event: 15.834 Thread 0x0000014432c78800 Exception <a 'java/lang/NoSuchMethodError'{0x000000008d8519b0}: 'void java.lang.invoke.DirectMethodHandle$Holder.invokeStaticInit(java.lang.Object, java.lang.Object)'> (0x000000008d8519b0) thrown at [./src/hotspot/share/interpreter/linkResolver.cpp, line 773]
Event: 15.913 Thread 0x0000014432c78800 Exception <a 'java/lang/NoSuchMethodError'{0x000000008d26e3d0}: 'void java.lang.invoke.DirectMethodHandle$Holder.invokeStatic(java.lang.Object, java.lang.Object, java.lang.Object, java.lang.Object)'> (0x000000008d26e3d0) thrown at [./src/hotspot/share/interpreter/linkResolver.cpp, line 773]
Event: 15.916 Thread 0x0000014432c78800 Exception <a 'java/lang/NoSuchMethodError'{0x000000008d109ab0}: 'int java.lang.invoke.DirectMethodHandle$Holder.invokeInterface(java.lang.Object, java.lang.Object)'> (0x000000008d109ab0) thrown at [./src/hotspot/share/interpreter/linkResolver.cpp, line 773]

Events (20 events):
Event: 15.974 loading class org/gradle/vcs/internal/DefaultVcsMappingFactory
Event: 15.974 loading class org/gradle/vcs/internal/DefaultVcsMappingFactory done
Event: 15.975 loading class org/gradle/vcs/internal/DefaultVcsMappingsStore
Event: 15.975 loading class org/gradle/vcs/internal/DefaultVcsMappingsStore done
Event: 15.975 loading class org/gradle/vcs/internal/services/DefaultVersionControlRepositoryFactory
Event: 15.976 loading class org/gradle/vcs/internal/services/DefaultVersionControlRepositoryFactory done
Event: 15.976 loading class org/gradle/vcs/internal/VersionControlSystem
Event: 15.976 loading class org/gradle/vcs/internal/VersionControlSystem done
Event: 15.976 loading class org/gradle/vcs/internal/VersionControlRepositoryConnection
Event: 15.976 loading class org/gradle/vcs/internal/VersionControlRepositoryConnection done
Event: 15.977 loading class org/gradle/internal/resource/local/ModificationTimeFileAccessTimeJournal
Event: 15.977 loading class org/gradle/internal/resource/local/ModificationTimeFileAccessTimeJournal done
Event: 15.977 loading class org/gradle/cache/internal/CleanupActionFactory$BuildOperationCacheCleanupDecorator
Event: 15.977 loading class org/gradle/cache/internal/CleanupActionFactory$BuildOperationCacheCleanupDecorator done
Event: 15.978 loading class org/gradle/vcs/internal/resolver/PersistentVcsMetadataCache$VersionRefSerializer
Event: 15.978 loading class org/gradle/vcs/internal/resolver/PersistentVcsMetadataCache$VersionRefSerializer done
Event: 15.979 loading class org/gradle/vcs/internal/VersionRef
Event: 15.979 loading class org/gradle/vcs/internal/VersionRef done
Event: 15.980 loading class org/gradle/vcs/internal/resolver/DefaultVcsVersionWorkingDirResolver
Event: 15.980 loading class org/gradle/vcs/internal/resolver/DefaultVcsVersionWorkingDirResolver done


Dynamic libraries:
0x00007ff6e3c70000 - 0x00007ff6e3c7a000 	D:\Android Studio\jre\bin\java.exe
0x00007ffcbc6f0000 - 0x00007ffcbc8e5000 	C:\Windows\SYSTEM32\ntdll.dll
0x00007ffcbbcb0000 - 0x00007ffcbbd6e000 	C:\Windows\System32\KERNEL32.DLL
0x00007ffcba120000 - 0x00007ffcba3e9000 	C:\Windows\System32\KERNELBASE.dll
0x00007ffcba5c0000 - 0x00007ffcba6c0000 	C:\Windows\System32\ucrtbase.dll
0x00007ffcb4240000 - 0x00007ffcb4259000 	D:\Android Studio\jre\bin\jli.dll
0x00007ffcbb620000 - 0x00007ffcbb7c1000 	C:\Windows\System32\USER32.dll
0x00007ffcba710000 - 0x00007ffcba732000 	C:\Windows\System32\win32u.dll
0x00007ffcb3c50000 - 0x00007ffcb3eea000 	C:\Windows\WinSxS\amd64_microsoft.windows.common-controls_6595b64144ccf1df_6.0.19041.1110_none_60b5254171f9507e\COMCTL32.dll
0x00007ffcbae90000 - 0x00007ffcbaebb000 	C:\Windows\System32\GDI32.dll
0x00007ffcbc590000 - 0x00007ffcbc62e000 	C:\Windows\System32\msvcrt.dll
0x00007ffcb9e10000 - 0x00007ffcb9f1b000 	C:\Windows\System32\gdi32full.dll
0x00007ffcba080000 - 0x00007ffcba11d000 	C:\Windows\System32\msvcp_win.dll
0x00007ffcb0200000 - 0x00007ffcb0217000 	D:\Android Studio\jre\bin\VCRUNTIME140.dll
0x00007ffcbbb50000 - 0x00007ffcbbb80000 	C:\Windows\System32\IMM32.DLL
0x00007ffc91030000 - 0x00007ffc910cd000 	D:\Android Studio\jre\bin\msvcp140.dll
0x00007ffc68f30000 - 0x00007ffc699ff000 	D:\Android Studio\jre\bin\server\jvm.dll
0x00007ffcbac80000 - 0x00007ffcbad2c000 	C:\Windows\System32\ADVAPI32.dll
0x00007ffcbb7d0000 - 0x00007ffcbb86b000 	C:\Windows\System32\sechost.dll
0x00007ffcbaed0000 - 0x00007ffcbaffa000 	C:\Windows\System32\RPCRT4.dll
0x00007ffcbb580000 - 0x00007ffcbb588000 	C:\Windows\System32\PSAPI.DLL
0x00007ffc9df80000 - 0x00007ffc9df89000 	C:\Windows\SYSTEM32\WSOCK32.dll
0x00007ffcb4c20000 - 0x00007ffcb4c47000 	C:\Windows\SYSTEM32\WINMM.dll
0x00007ffcb04c0000 - 0x00007ffcb04ca000 	C:\Windows\SYSTEM32\VERSION.dll
0x00007ffcbb510000 - 0x00007ffcbb57b000 	C:\Windows\System32\WS2_32.dll
0x00007ffcb8690000 - 0x00007ffcb86a2000 	C:\Windows\SYSTEM32\kernel.appcore.dll
0x00007ffcb0240000 - 0x00007ffcb0251000 	D:\Android Studio\jre\bin\verify.dll
0x00007ffcb7c10000 - 0x00007ffcb7df4000 	C:\Windows\SYSTEM32\DBGHELP.DLL
0x00007ffcab270000 - 0x00007ffcab29c000 	C:\Windows\SYSTEM32\dbgcore.DLL
0x00007ffcba530000 - 0x00007ffcba5b3000 	C:\Windows\System32\bcryptPrimitives.dll
0x00007ffcb01a0000 - 0x00007ffcb01c9000 	D:\Android Studio\jre\bin\java.dll
0x00007ffcb6550000 - 0x00007ffcb655b000 	D:\Android Studio\jre\bin\jimage.dll
0x00007ffcb0220000 - 0x00007ffcb0238000 	D:\Android Studio\jre\bin\zip.dll
0x00007ffcbbd70000 - 0x00007ffcbc4af000 	C:\Windows\System32\SHELL32.dll
0x00007ffcb7e00000 - 0x00007ffcb8590000 	C:\Windows\SYSTEM32\windows.storage.dll
0x00007ffcbb1b0000 - 0x00007ffcbb505000 	C:\Windows\System32\combase.dll
0x00007ffcb9790000 - 0x00007ffcb97bc000 	C:\Windows\SYSTEM32\Wldp.dll
0x00007ffcbba40000 - 0x00007ffcbbaee000 	C:\Windows\System32\SHCORE.dll
0x00007ffcbabc0000 - 0x00007ffcbac15000 	C:\Windows\System32\shlwapi.dll
0x00007ffcb9d50000 - 0x00007ffcb9d6f000 	C:\Windows\SYSTEM32\profapi.dll
0x00007ffcb0110000 - 0x00007ffcb012a000 	D:\Android Studio\jre\bin\net.dll
0x00007ffcb0520000 - 0x00007ffcb0628000 	C:\Windows\SYSTEM32\WINHTTP.dll
0x00007ffcb94f0000 - 0x00007ffcb955a000 	C:\Windows\system32\mswsock.dll
0x00007ffcae080000 - 0x00007ffcae094000 	D:\Android Studio\jre\bin\nio.dll
0x00007ffcac150000 - 0x00007ffcac177000 	C:\Users\User\.gradle\native\8bec1ad78214c89d9ad589b4d07fe93259594b29d510b10fafb7a158f7737e5d\windows-amd64\native-platform.dll
0x00007ffc9c8e0000 - 0x00007ffc9ca1d000 	C:\Users\User\.gradle\native\53dbd7edfb1c66fb8903c78663c9afc45aea4f116125fa6feffd364cf09443e8\windows-amd64\native-platform-file-events.dll
0x00007ffcb5320000 - 0x00007ffcb532a000 	D:\Android Studio\jre\bin\management.dll
0x00007ffcb46e0000 - 0x00007ffcb46ec000 	D:\Android Studio\jre\bin\management_ext.dll
0x00007ffcb96e0000 - 0x00007ffcb96f8000 	C:\Windows\SYSTEM32\CRYPTSP.dll
0x00007ffcb8e70000 - 0x00007ffcb8ea4000 	C:\Windows\system32\rsaenh.dll
0x00007ffcba450000 - 0x00007ffcba477000 	C:\Windows\System32\bcrypt.dll
0x00007ffcb9ca0000 - 0x00007ffcb9cce000 	C:\Windows\SYSTEM32\USERENV.dll
0x00007ffcb9700000 - 0x00007ffcb970c000 	C:\Windows\SYSTEM32\CRYPTBASE.dll
0x00007ffcb91e0000 - 0x00007ffcb921b000 	C:\Windows\SYSTEM32\IPHLPAPI.DLL
0x00007ffcbaec0000 - 0x00007ffcbaec8000 	C:\Windows\System32\NSI.dll
0x00007ffcb3210000 - 0x00007ffcb3227000 	C:\Windows\SYSTEM32\dhcpcsvc6.DLL
0x00007ffcb3300000 - 0x00007ffcb331d000 	C:\Windows\SYSTEM32\dhcpcsvc.DLL
0x00007ffcb9220000 - 0x00007ffcb92ec000 	C:\Windows\SYSTEM32\DNSAPI.dll

dbghelp: loaded successfully - version: 4.0.5 - missing functions: none
symbol engine: initialized successfully - sym options: 0x614 - pdb path: .;D:\Android Studio\jre\bin;C:\Windows\SYSTEM32;C:\Windows\WinSxS\amd64_microsoft.windows.common-controls_6595b64144ccf1df_6.0.19041.1110_none_60b5254171f9507e;D:\Android Studio\jre\bin\server;C:\Users\User\.gradle\native\8bec1ad78214c89d9ad589b4d07fe93259594b29d510b10fafb7a158f7737e5d\windows-amd64;C:\Users\User\.gradle\native\53dbd7edfb1c66fb8903c78663c9afc45aea4f116125fa6feffd364cf09443e8\windows-amd64

VM Arguments:
jvm_args: --add-opens=java.base/java.util=ALL-UNNAMED --add-opens=java.base/java.lang=ALL-UNNAMED --add-opens=java.base/java.lang.invoke=ALL-UNNAMED --add-opens=java.base/java.util=ALL-UNNAMED --add-opens=java.prefs/java.util.prefs=ALL-UNNAMED --add-opens=java.prefs/java.util.prefs=ALL-UNNAMED --add-opens=java.base/java.nio.charset=ALL-UNNAMED --add-opens=java.base/java.net=ALL-UNNAMED --add-opens=java.base/java.util.concurrent.atomic=ALL-UNNAMED -Xmx2048m -Dfile.encoding=UTF-8 -Duser.country=CO -Duser.language=es -Duser.variant 
java_command: org.gradle.launcher.daemon.bootstrap.GradleDaemon 7.0.2
java_class_path (initial): C:\Users\User\.gradle\wrapper\dists\gradle-7.0.2-bin\857tjihv64xamwrf0h14cai3r\gradle-7.0.2\lib\gradle-launcher-7.0.2.jar
Launcher Type: SUN_STANDARD

[Global flags]
     intx CICompilerCount                          = 4                                         {product} {ergonomic}
     uint ConcGCThreads                            = 2                                         {product} {ergonomic}
     uint G1ConcRefinementThreads                  = 8                                         {product} {ergonomic}
   size_t G1HeapRegionSize                         = 1048576                                   {product} {ergonomic}
    uintx GCDrainStackTargetSize                   = 64                                        {product} {ergonomic}
   size_t InitialHeapSize                          = 268435456                                 {product} {ergonomic}
   size_t MarkStackSize                            = 4194304                                   {product} {ergonomic}
   size_t MaxHeapSize                              = 2147483648                                {product} {command line}
   size_t MaxNewSize                               = 1287651328                                {product} {ergonomic}
   size_t MinHeapDeltaBytes                        = 1048576                                   {product} {ergonomic}
    uintx NonNMethodCodeHeapSize                   = 5836300                                {pd product} {ergonomic}
    uintx NonProfiledCodeHeapSize                  = 122910970                              {pd product} {ergonomic}
    uintx ProfiledCodeHeapSize                     = 122910970                              {pd product} {ergonomic}
    uintx ReservedCodeCacheSize                    = 251658240                              {pd product} {ergonomic}
     bool SegmentedCodeCache                       = true                                      {product} {ergonomic}
     bool UseCompressedClassPointers               = true                                 {lp64_product} {ergonomic}
     bool UseCompressedOops                        = true                                 {lp64_product} {ergonomic}
     bool UseG1GC                                  = true                                      {product} {ergonomic}
     bool UseLargePagesIndividualAllocation        = false                                  {pd product} {ergonomic}

Logging:
Log output configuration:
 #0: stdout all=warning uptime,level,tags
 #1: stderr all=off uptime,level,tags

Environment Variables:
PATH=C:\Python310\Scripts\;C:\Python310\;C:\ProgramData\Oracle\Java\javapath;C:\Windows\system32;C:\Windows;C:\Windows\System32\Wbem;C:\Windows\System32\WindowsPowerShell\v1.0\;C:\Windows\System32\OpenSSH\;C:\Program Files\Microsoft SQL Server\130\Tools\Binn\;C:\Program Files\dotnet\;C:\Program Files\Microsoft SQL Server\Client SDK\ODBC\170\Tools\Binn\;D:\Git\cmd;D:\nodejs\;C:\ProgramData\chocolatey\bin;C:\Users\User\AppData\Local\Microsoft\WindowsApps;;D:\Microsoft VS Code\bin;C:\Users\User\.dotnet\tools;C:\Users\User\.dotnet\tools;C:\Users\User\AppData\Roaming\npm
USERNAME=User
OS=Windows_NT
PROCESSOR_IDENTIFIER=Intel64 Family 6 Model 158 Stepping 10, GenuineIntel



---------------  S Y S T E M  ---------------

OS: Windows 10 , 64 bit Build 19041 (10.0.19041.1202)
OS uptime: 38 days 12:33 hours

CPU:total 8 (initial active 8) (4 cores per cpu, 2 threads per core) family 6 model 158 stepping 10 microcode 0xb4, cmov, cx8, fxsr, mmx, sse, sse2, sse3, ssse3, sse4.1, sse4.2, popcnt, avx, avx2, aes, clmul, erms, 3dnowpref, lzcnt, ht, tsc, tscinvbit, bmi1, bmi2, adx, fma

Memory: 4k page, system-wide physical 16258M (4362M free)
TotalPageFile size 32113M (AvailPageFile size 7900M)
current process WorkingSet (physical memory assigned to process): 252M, peak: 252M
current process commit charge ("private bytes"): 428M, peak: 428M

vm_info: OpenJDK 64-Bit Server VM (11.0.10+0-b96-7249189) for windows-amd64 JRE (11.0.10+0-b96-7249189), built on Mar 31 2021 21:44:00 by "builder" with MS VC++ 14.0 (VS2015)

END.
